This is pdfTeX, Version 3.14159265-2.6-1.40.20 (MiKTeX 2.9.7140 64-bit) (preloaded format=pdflatex 2019.8.22)  6 MAR 2020 00:34
entering extended mode
**c:/Users/Jeh/Desktop/MS-THESIS-PROPOSAL-Template/main.tex
(c:/Users/Jeh/Desktop/MS-THESIS-PROPOSAL-Template/main.tex
LaTeX2e <2018-12-01>
\@input{preamble.aux}
\openout2 = `preamble.aux'.

(c:/Users\Jeh\Desktop\MS-THESIS-PROPOSAL-Template\preamble.tex ("C:\Users\Jeh\AppData\Local\Programs\MiKTeX 2.9\tex/latex/base\report.cls"
Document Class: report 2018/09/03 v1.4i Standard LaTeX document class
("C:\Users\Jeh\AppData\Local\Programs\MiKTeX 2.9\tex/latex/base\size12.clo"
File: size12.clo 2018/09/03 v1.4i Standard LaTeX file (size option)
)
\c@part=\count80
\c@chapter=\count81
\c@section=\count82
\c@subsection=\count83
\c@subsubsection=\count84
\c@paragraph=\count85
\c@subparagraph=\count86
\c@figure=\count87
\c@table=\count88
\abovecaptionskip=\skip41
\belowcaptionskip=\skip42
\bibindent=\dimen102
) ("C:\Users\Jeh\AppData\Local\Programs\MiKTeX 2.9\tex/latex/apacite\apacite.sty"
Package: apacite 2013/07/21 v6.03 APA citation
\c@BibCnt=\count89
\bibleftmargin=\skip43
\bibindent=\skip44
\bibparsep=\skip45
\bibitemsep=\skip46
\biblabelsep=\skip47
) ("C:\Users\Jeh\AppData\Local\Programs\MiKTeX 2.9\tex/latex/amsmath\amsmath.sty"
Package: amsmath 2018/12/01 v2.17b AMS math features
\@mathmargin=\skip48

For additional information on amsmath, use the `?' option.
("C:\Users\Jeh\AppData\Local\Programs\MiKTeX 2.9\tex/latex/amsmath\amstext.sty"
Package: amstext 2000/06/29 v2.01 AMS text
 ("C:\Users\Jeh\AppData\Local\Programs\MiKTeX 2.9\tex/latex/amsmath\amsgen.sty"
File: amsgen.sty 1999/11/30 v2.0 generic functions
\@emptytoks=\toks14
\ex@=\dimen103
)) ("C:\Users\Jeh\AppData\Local\Programs\MiKTeX 2.9\tex/latex/amsmath\amsbsy.sty"
Package: amsbsy 1999/11/29 v1.2d Bold Symbols
\pmbraise@=\dimen104
) ("C:\Users\Jeh\AppData\Local\Programs\MiKTeX 2.9\tex/latex/amsmath\amsopn.sty"
Package: amsopn 2016/03/08 v2.02 operator names
)
\inf@bad=\count90
LaTeX Info: Redefining \frac on input line 223.
\uproot@=\count91
\leftroot@=\count92
LaTeX Info: Redefining \overline on input line 385.
\classnum@=\count93
\DOTSCASE@=\count94
LaTeX Info: Redefining \ldots on input line 482.
LaTeX Info: Redefining \dots on input line 485.
LaTeX Info: Redefining \cdots on input line 606.
\Mathstrutbox@=\box27
\strutbox@=\box28
\big@size=\dimen105
LaTeX Font Info:    Redeclaring font encoding OML on input line 729.
LaTeX Font Info:    Redeclaring font encoding OMS on input line 730.
\macc@depth=\count95
\c@MaxMatrixCols=\count96
\dotsspace@=\muskip10
\c@parentequation=\count97
\dspbrk@lvl=\count98
\tag@help=\toks15
\row@=\count99
\column@=\count100
\maxfields@=\count101
\andhelp@=\toks16
\eqnshift@=\dimen106
\alignsep@=\dimen107
\tagshift@=\dimen108
\tagwidth@=\dimen109
\totwidth@=\dimen110
\lineht@=\dimen111
\@envbody=\toks17
\multlinegap=\skip49
\multlinetaggap=\skip50
\mathdisplay@stack=\toks18
LaTeX Info: Redefining \[ on input line 2844.
LaTeX Info: Redefining \] on input line 2845.
) ("C:\Users\Jeh\AppData\Local\Programs\MiKTeX 2.9\tex/latex/amsfonts\amsfonts.sty"
Package: amsfonts 2013/01/14 v3.01 Basic AMSFonts support
\symAMSa=\mathgroup4
\symAMSb=\mathgroup5
LaTeX Font Info:    Overwriting math alphabet `\mathfrak' in version `bold'
(Font)                  U/euf/m/n --> U/euf/b/n on input line 106.
) ("C:\Users\Jeh\AppData\Local\Programs\MiKTeX 2.9\tex/latex/amsfonts\amssymb.sty"
Package: amssymb 2013/01/14 v3.01 AMS font symbols
) ("C:\Users\Jeh\AppData\Local\Programs\MiKTeX 2.9\tex/latex/graphics\graphicx.sty"
Package: graphicx 2017/06/01 v1.1a Enhanced LaTeX Graphics (DPC,SPQR)
 ("C:\Users\Jeh\AppData\Local\Programs\MiKTeX 2.9\tex/latex/graphics\keyval.sty"
Package: keyval 2014/10/28 v1.15 key=value parser (DPC)
\KV@toks@=\toks19
) ("C:\Users\Jeh\AppData\Local\Programs\MiKTeX 2.9\tex/latex/graphics\graphics.sty"
Package: graphics 2017/06/25 v1.2c Standard LaTeX Graphics (DPC,SPQR)
 ("C:\Users\Jeh\AppData\Local\Programs\MiKTeX 2.9\tex/latex/graphics\trig.sty"
Package: trig 2016/01/03 v1.10 sin cos tan (DPC)
) ("C:\Users\Jeh\AppData\Local\Programs\MiKTeX 2.9\tex/latex/graphics-cfg\graphics.cfg"
File: graphics.cfg 2016/06/04 v1.11 sample graphics configuration
)
Package graphics Info: Driver file: pdftex.def on input line 99.
 ("C:\Users\Jeh\AppData\Local\Programs\MiKTeX 2.9\tex/latex/graphics-def\pdftex.def"
File: pdftex.def 2018/01/08 v1.0l Graphics/color driver for pdftex
))
\Gin@req@height=\dimen112
\Gin@req@width=\dimen113
) ("C:\Users\Jeh\AppData\Local\Programs\MiKTeX 2.9\tex/latex/tools\verbatim.sty"
Package: verbatim 2014/10/28 v1.5q LaTeX2e package for verbatim enhancements
\every@verbatim=\toks20
\verbatim@line=\toks21
\verbatim@in@stream=\read1
) ("C:\Users\Jeh\AppData\Local\Programs\MiKTeX 2.9\tex/latex/graphics\color.sty"
Package: color 2016/07/10 v1.1e Standard LaTeX Color (DPC)
 ("C:\Users\Jeh\AppData\Local\Programs\MiKTeX 2.9\tex/latex/graphics-cfg\color.cfg"
File: color.cfg 2016/01/02 v1.6 sample color configuration
)
Package color Info: Driver file: pdftex.def on input line 147.
) ("C:\Users\Jeh\AppData\Local\Programs\MiKTeX 2.9\tex/latex/url\url.sty"
\Urlmuskip=\muskip11
Package: url 2013/09/16  ver 3.4  Verb mode for urls, etc.
))

LaTeX Warning: Unused global option(s):
    [onepage].

(c:/Users\Jeh\Desktop\MS-THESIS-PROPOSAL-Template\main.aux (c:/Users\Jeh\Desktop\MS-THESIS-PROPOSAL-Template\title_page.aux) (c:/Users\Jeh\Desktop\MS-THESIS-PROPOSAL-Template\abstract.aux) (c:/Users\Jeh\Desktop\MS-THESIS-PROPOSAL-Template\chapter_1.aux) (c:/Users\Jeh\Desktop\MS-THESIS-PROPOSAL-Template\chapter_2.aux) (c:/Users\Jeh\Desktop\MS-THESIS-PROPOSAL-Template\chapter_3.aux) (c:/Users\Jeh\Desktop\MS-THESIS-PROPOSAL-Template\appendix_A.aux) (c:/Users\Jeh\Desktop\MS-THESIS-PROPOSAL-Template\appendix_B.aux) (c:/Users\Jeh\Desktop\MS-THESIS-PROPOSAL-Template\appendix_C.aux))
\openout1 = `main.aux'.

LaTeX Font Info:    Checking defaults for OML/cmm/m/it on input line 40.
LaTeX Font Info:    ... okay on input line 40.
LaTeX Font Info:    Checking defaults for T1/cmr/m/n on input line 40.
LaTeX Font Info:    ... okay on input line 40.
LaTeX Font Info:    Checking defaults for OT1/cmr/m/n on input line 40.
LaTeX Font Info:    ... okay on input line 40.
LaTeX Font Info:    Checking defaults for OMS/cmsy/m/n on input line 40.
LaTeX Font Info:    ... okay on input line 40.
LaTeX Font Info:    Checking defaults for OMX/cmex/m/n on input line 40.
LaTeX Font Info:    ... okay on input line 40.
LaTeX Font Info:    Checking defaults for U/cmr/m/n on input line 40.
LaTeX Font Info:    ... okay on input line 40.
\c@maskedRefs=\count102
 ("C:\Users\Jeh\AppData\Local\Programs\MiKTeX 2.9\tex/latex/apacite\english.apc"
File: english.apc 2013/07/21 v6.03 apacite language file
LaTeX Info: Redefining \BPBI on input line 129.
LaTeX Info: Redefining \BHBI on input line 130.
) ("C:\Users\Jeh\AppData\Local\Programs\MiKTeX 2.9\tex/context/base/mkii\supp-pdf.mkii"
[Loading MPS to PDF converter (version 2006.09.02).]
\scratchcounter=\count103
\scratchdimen=\dimen114
\scratchbox=\box29
\nofMPsegments=\count104
\nofMParguments=\count105
\everyMPshowfont=\toks22
\MPscratchCnt=\count106
\MPscratchDim=\dimen115
\MPnumerator=\count107
\makeMPintoPDFobject=\count108
\everyMPtoPDFconversion=\toks23
) ("C:\Users\Jeh\AppData\Local\Programs\MiKTeX 2.9\tex/latex/oberdiek\epstopdf-base.sty"
Package: epstopdf-base 2016/05/15 v2.6 Base part for package epstopdf
 ("C:\Users\Jeh\AppData\Local\Programs\MiKTeX 2.9\tex/generic/oberdiek\infwarerr.sty"
Package: infwarerr 2016/05/16 v1.4 Providing info/warning/error messages (HO)
) ("C:\Users\Jeh\AppData\Local\Programs\MiKTeX 2.9\tex/latex/oberdiek\grfext.sty"
Package: grfext 2016/05/16 v1.2 Manage graphics extensions (HO)
 ("C:\Users\Jeh\AppData\Local\Programs\MiKTeX 2.9\tex/generic/oberdiek\kvdefinekeys.sty"
Package: kvdefinekeys 2016/05/16 v1.4 Define keys (HO)
 ("C:\Users\Jeh\AppData\Local\Programs\MiKTeX 2.9\tex/generic/oberdiek\ltxcmds.sty"
Package: ltxcmds 2016/05/16 v1.23 LaTeX kernel commands for general use (HO)
))) ("C:\Users\Jeh\AppData\Local\Programs\MiKTeX 2.9\tex/latex/oberdiek\kvoptions.sty"
Package: kvoptions 2016/05/16 v3.12 Key value format for package options (HO)
 ("C:\Users\Jeh\AppData\Local\Programs\MiKTeX 2.9\tex/generic/oberdiek\kvsetkeys.sty"
Package: kvsetkeys 2016/05/16 v1.17 Key value parser (HO)
 ("C:\Users\Jeh\AppData\Local\Programs\MiKTeX 2.9\tex/generic/oberdiek\etexcmds.sty"
Package: etexcmds 2016/05/16 v1.6 Avoid name clashes with e-TeX commands (HO)
 ("C:\Users\Jeh\AppData\Local\Programs\MiKTeX 2.9\tex/generic/oberdiek\ifluatex.sty"
Package: ifluatex 2016/05/16 v1.4 Provides the ifluatex switch (HO)
Package ifluatex Info: LuaTeX not detected.
)))) ("C:\Users\Jeh\AppData\Local\Programs\MiKTeX 2.9\tex/generic/oberdiek\pdftexcmds.sty"
Package: pdftexcmds 2019/07/25 v0.30 Utility functions of pdfTeX for LuaTeX (HO)
 ("C:\Users\Jeh\AppData\Local\Programs\MiKTeX 2.9\tex/generic/oberdiek\ifpdf.sty"
Package: ifpdf 2018/09/07 v3.3 Provides the ifpdf switch
)
Package pdftexcmds Info: LuaTeX not detected.
Package pdftexcmds Info: \pdf@primitive is available.
Package pdftexcmds Info: \pdf@ifprimitive is available.
Package pdftexcmds Info: \pdfdraftmode found.
)
Package epstopdf-base Info: Redefining graphics rule for `.eps' on input line 438.
Package grfext Info: Graphics extension search list:
(grfext)             [.pdf,.png,.jpg,.mps,.jpeg,.jbig2,.jb2,.PDF,.PNG,.JPG,.JPEG,.JBIG2,.JB2,.eps]
(grfext)             \AppendGraphicsExtensions on input line 456.
)
\openout2 = `title_page.aux'.

 (c:/Users\Jeh\Desktop\MS-THESIS-PROPOSAL-Template\title_page.tex [1




{C:/Users/Jeh/AppData/Local/MiKTeX/2.9/pdftex/config/pdftex.map}])
\openout2 = `abstract.aux'.

 (c:/Users\Jeh\Desktop\MS-THESIS-PROPOSAL-Template\abstract.tex
LaTeX Font Info:    Try loading font information for U+msa on input line 22.
 ("C:\Users\Jeh\AppData\Local\Programs\MiKTeX 2.9\tex/latex/amsfonts\umsa.fd"
File: umsa.fd 2013/01/14 v3.01 AMS symbols A
)
LaTeX Font Info:    Try loading font information for U+msb on input line 22.
 ("C:\Users\Jeh\AppData\Local\Programs\MiKTeX 2.9\tex/latex/amsfonts\umsb.fd"
File: umsb.fd 2013/01/14 v3.01 AMS symbols B
) [1


]) (c:/Users\Jeh\Desktop\MS-THESIS-PROPOSAL-Template\main.toc [2


])
\tf@toc=\write3
\openout3 = `main.toc'.

 [3] (c:/Users\Jeh\Desktop\MS-THESIS-PROPOSAL-Template\main.lof)
\tf@lof=\write4
\openout4 = `main.lof'.

 [4

] (c:/Users\Jeh\Desktop\MS-THESIS-PROPOSAL-Template\main.lot)
\tf@lot=\write5
\openout5 = `main.lot'.

 [5

]
\openout2 = `chapter_1.aux'.

 (c:/Users\Jeh\Desktop\MS-THESIS-PROPOSAL-Template\chapter_1.tex
Chapter 1.
<figures/DisneyChart.png, id=24, 346.29375pt x 225.84375pt>
File: figures/DisneyChart.png Graphic file (type png)
<use figures/DisneyChart.png>
Package pdftex.def Info: figures/DisneyChart.png  used on input line 38.
(pdftex.def)             Requested size: 346.2929pt x 225.84319pt.
[1


]
LaTeX Font Info:    Try loading font information for OMS+cmr on input line 63.
 ("C:\Users\Jeh\AppData\Local\Programs\MiKTeX 2.9\tex/latex/base\omscmr.fd"
File: omscmr.fd 2014/09/29 v2.5h Standard LaTeX font definitions
)
LaTeX Font Info:    Font shape `OMS/cmr/m/n' in size <12> not available
(Font)              Font shape `OMS/cmsy/m/n' tried instead on input line 63.
 [2 <c:/Users/Jeh/Desktop/MS-THESIS-PROPOSAL-Template/figures/DisneyChart.png>] [3]) [4]
\openout2 = `chapter_2.aux'.

 (c:/Users\Jeh\Desktop\MS-THESIS-PROPOSAL-Template\chapter_2.tex
Chapter 2.
[5



]) [6]
\openout2 = `chapter_3.aux'.

 (c:/Users\Jeh\Desktop\MS-THESIS-PROPOSAL-Template\chapter_3.tex
Chapter 3.
[7



]
Underfull \hbox (badness 10000) in paragraph at lines 60--60
[]\OT1/cmr/m/n/12 Study on Pre-req-ui-site
 []


Underfull \hbox (badness 10000) in paragraph at lines 63--63
[]\OT1/cmr/m/n/12 Development of Rac-ing
 []

) [8]
\openout2 = `appendix_A.aux'.

 (c:/Users\Jeh\Desktop\MS-THESIS-PROPOSAL-Template\appendix_A.tex
Appendix A.
) [9



]
\openout2 = `appendix_B.aux'.

 (c:/Users\Jeh\Desktop\MS-THESIS-PROPOSAL-Template\appendix_B.tex
Appendix B.
) [10



]
\openout2 = `appendix_C.aux'.

 (c:/Users\Jeh\Desktop\MS-THESIS-PROPOSAL-Template\appendix_C.tex
Appendix C.

Underfull \hbox (badness 10000) in paragraph at lines 28--31

 []

) [11



] (c:/Users\Jeh\Desktop\MS-THESIS-PROPOSAL-Template\main.bbl) [12


] (c:/Users\Jeh\Desktop\MS-THESIS-PROPOSAL-Template\main.aux (c:/Users\Jeh\Desktop\MS-THESIS-PROPOSAL-Template\title_page.aux) (c:/Users\Jeh\Desktop\MS-THESIS-PROPOSAL-Template\abstract.aux) (c:/Users\Jeh\Desktop\MS-THESIS-PROPOSAL-Template\chapter_1.aux) (c:/Users\Jeh\Desktop\MS-THESIS-PROPOSAL-Template\chapter_2.aux) (c:/Users\Jeh\Desktop\MS-THESIS-PROPOSAL-Template\chapter_3.aux) (c:/Users\Jeh\Desktop\MS-THESIS-PROPOSAL-Template\appendix_A.aux) (c:/Users\Jeh\Desktop\MS-THESIS-PROPOSAL-Template\appendix_B.aux) (c:/Users\Jeh\Desktop\MS-THESIS-PROPOSAL-Template\appendix_C.aux)) ) 
Here is how much of TeX's memory you used:
 3071 strings out of 492895
 45013 string characters out of 3124669
 113333 words of memory out of 3000000
 6865 multiletter control sequences out of 15000+200000
 11226 words of font info for 42 fonts, out of 3000000 for 9000
 1143 hyphenation exceptions out of 8191
 41i,10n,27p,352b,250s stack positions out of 5000i,500n,10000p,200000b,50000s
<C:/Users/Jeh/AppData/Local/Programs/MiKTeX 2.9/fonts/type1/public/amsfonts/cm/cmbx12.pfb><C:/Users/Jeh/AppData/Local/Programs/MiKTeX 2.9/fonts/type1/public/amsfonts/cm/cmcsc10.pfb><C:/Users/Jeh/AppData/Local/Programs/MiKTeX 2.9/fonts/type1/public/amsfonts/cm/cmr12.pfb><C:/Users/Jeh/AppData/Local/Programs/MiKTeX 2.9/fonts/type1/public/amsfonts/cm/cmr8.pfb><C:/Users/Jeh/AppData/Local/Programs/MiKTeX 2.9/fonts/type1/public/amsfonts/cm/cmsy10.pfb><C:/Users/Jeh/AppData/Local/Programs/MiKTeX 2.9/fonts/type1/public/amsfonts/cm/cmti12.pfb><C:/Users/Jeh/AppData/Local/Programs/MiKTeX 2.9/fonts/type1/public/amsfonts/cm/cmtt12.pfb>
Output written on c:/Users\Jeh\Desktop\MS-THESIS-PROPOSAL-Template\main.pdf (18 pages, 132279 bytes).
PDF statistics:
 91 PDF objects out of 1000 (max. 8388607)
 0 named destinations out of 1000 (max. 500000)
 6 words of extra memory for PDF output out of 10000 (max. 10000000)

